<?xml version="1.0" encoding="UTF-8"?>
<testng-results ignored="0" total="1" passed="1" failed="0" skipped="0">
  <reporter-output>
  </reporter-output>
  <suite started-at="2022-11-08T13:26:13 IST" name="Default suite" finished-at="2022-11-08T13:26:14 IST" duration-ms="582">
    <groups>
    </groups>
    <test started-at="2022-11-08T13:26:13 IST" name="Default test" finished-at="2022-11-08T13:26:14 IST" duration-ms="582">
      <class name="Excelsheetaction.readdata">
        <test-method signature="Read_data()[pri:0, instance:Excelsheetaction.readdata@2053d869]" started-at="2022-11-08T13:26:13 IST" name="Read_data" finished-at="2022-11-08T13:26:14 IST" duration-ms="540" status="PASS">
          <reporter-output>
          </reporter-output>
        </test-method> <!-- Read_data -->
      </class> <!-- Excelsheetaction.readdata -->
    </test> <!-- Default test -->
  </suite> <!-- Default suite -->
</testng-results>
